{"numTotalTestSuites":161,"numPassedTestSuites":161,"numFailedTestSuites":0,"numPendingTestSuites":0,"numTotalTests":447,"numPassedTests":447,"numFailedTests":0,"numPendingTests":0,"numTodoTests":0,"snapshot":{"added":0,"failure":false,"filesAdded":0,"filesRemoved":0,"filesRemovedList":[],"filesUnmatched":0,"filesUpdated":0,"matched":0,"total":0,"unchecked":0,"uncheckedKeysByFile":[],"unmatched":0,"updated":0,"didUpdate":false},"startTime":1772665404886,"success":true,"testResults":[{"assertionResults":[{"ancestorTitles":["InfrahubBatch"],"fullName":"InfrahubBatch should start with zero tasks","status":"passed","title":"should start with zero tasks","duration":2.7093150000000037,"failureMessages":[],"meta":{}},{"ancestorTitles":["InfrahubBatch"],"fullName":"InfrahubBatch should track added tasks","status":"passed","title":"should track added tasks","duration":0.5469480000000431,"failureMessages":[],"meta":{}},{"ancestorTitles":["InfrahubBatch"],"fullName":"InfrahubBatch should execute all tasks and return results in order","status":"passed","title":"should execute all tasks and return results in order","duration":3.049596000000008,"failureMessages":[],"meta":{}},{"ancestorTitles":["InfrahubBatch"],"fullName":"InfrahubBatch should pass arguments to tasks","status":"passed","title":"should pass arguments to tasks","duration":0.47581800000000385,"failureMessages":[],"meta":{}},{"ancestorTitles":["InfrahubBatch"],"fullName":"InfrahubBatch should respect concurrency limit","status":"passed","title":"should respect concurrency limit","duration":24.442803000000026,"failureMessages":[],"meta":{}},{"ancestorTitles":["InfrahubBatch"],"fullName":"InfrahubBatch should propagate errors by default","status":"passed","title":"should propagate errors by default","duration":2.511963000000037,"failureMessages":[],"meta":{}},{"ancestorTitles":["InfrahubBatch"],"fullName":"InfrahubBatch should capture errors when returnExceptions is true","status":"passed","title":"should capture errors when returnExceptions is true","duration":7.292773999999952,"failureMessages":[],"meta":{}},{"ancestorTitles":["InfrahubBatch"],"fullName":"InfrahubBatch should handle empty batch","status":"passed","title":"should handle empty batch","duration":1.380786999999998,"failureMessages":[],"meta":{}},{"ancestorTitles":["InfrahubBatch"],"fullName":"InfrahubBatch should handle tasks with no arguments","status":"passed","title":"should handle tasks with no arguments","duration":6.724270000000047,"failureMessages":[],"meta":{}}],"startTime":1772665406600,"endTime":1772665406649.7244,"status":"passed","message":"","name":"/mnt/data/projects/infrahub-sdk-ts/tests/unit/batch.test.ts"},{"assertionResults":[{"ancestorTitles":["BranchManager","all"],"fullName":"BranchManager all should list all branches","status":"passed","title":"should list all branches","duration":6.445527000000027,"failureMessages":[],"meta":{}},{"ancestorTitles":["BranchManager","get"],"fullName":"BranchManager get should get a branch by name","status":"passed","title":"should get a branch by name","duration":1.6765120000000024,"failureMessages":[],"meta":{}},{"ancestorTitles":["BranchManager","get"],"fullName":"BranchManager get should throw BranchNotFoundError when branch does not exist","status":"passed","title":"should throw BranchNotFoundError when branch does not exist","duration":2.302923999999962,"failureMessages":[],"meta":{}},{"ancestorTitles":["BranchManager","create"],"fullName":"BranchManager create should create a branch","status":"passed","title":"should create a branch","duration":1.429787000000033,"failureMessages":[],"meta":{}},{"ancestorTitles":["BranchManager","create"],"fullName":"BranchManager create should pass description and sync_with_git options","status":"passed","title":"should pass description and sync_with_git options","duration":0.5119109999999978,"failureMessages":[],"meta":{}},{"ancestorTitles":["BranchManager","delete"],"fullName":"BranchManager delete should delete a branch","status":"passed","title":"should delete a branch","duration":0.5360599999999636,"failureMessages":[],"meta":{}},{"ancestorTitles":["BranchManager","merge"],"fullName":"BranchManager merge should merge a branch","status":"passed","title":"should merge a branch","duration":0.5299110000000269,"failureMessages":[],"meta":{}},{"ancestorTitles":["BranchManager","rebase"],"fullName":"BranchManager rebase should rebase a branch","status":"passed","title":"should rebase a branch","duration":0.5318550000000073,"failureMessages":[],"meta":{}}],"startTime":1772665408881,"endTime":1772665408895.5317,"status":"passed","message":"","name":"/mnt/data/projects/infrahub-sdk-ts/tests/unit/branch.test.ts"},{"assertionResults":[{"ancestorTitles":["InfrahubClient Phase 2","filters()"],"fullName":"InfrahubClient Phase 2 filters() should query with filter arguments","status":"passed","title":"should query with filter arguments","duration":11.540952000000061,"failureMessages":[],"meta":{}},{"ancestorTitles":["InfrahubClient Phase 2","filters()"],"fullName":"InfrahubClient Phase 2 filters() should support multiple filter arguments","status":"passed","title":"should support multiple filter arguments","duration":1.1796190000000024,"failureMessages":[],"meta":{}},{"ancestorTitles":["InfrahubClient Phase 2","filters()"],"fullName":"InfrahubClient Phase 2 filters() should support partial_match flag","status":"passed","title":"should support partial_match flag","duration":0.8446539999999914,"failureMessages":[],"meta":{}},{"ancestorTitles":["InfrahubClient Phase 2","filters()"],"fullName":"InfrahubClient Phase 2 filters() should populate store","status":"passed","title":"should populate store","duration":0.7793389999999363,"failureMessages":[],"meta":{}},{"ancestorTitles":["InfrahubClient Phase 2","filters()"],"fullName":"InfrahubClient Phase 2 filters() should respect populateStore: false","status":"passed","title":"should respect populateStore: false","duration":1.1308050000000094,"failureMessages":[],"meta":{}},{"ancestorTitles":["InfrahubClient Phase 2","count()"],"fullName":"InfrahubClient Phase 2 count() should return count of nodes","status":"passed","title":"should return count of nodes","duration":0.7401529999999639,"failureMessages":[],"meta":{}},{"ancestorTitles":["InfrahubClient Phase 2","count()"],"fullName":"InfrahubClient Phase 2 count() should pass filter arguments to count query","status":"passed","title":"should pass filter arguments to count query","duration":0.7879500000000235,"failureMessages":[],"meta":{}},{"ancestorTitles":["InfrahubClient Phase 2","count()"],"fullName":"InfrahubClient Phase 2 count() should support partial match","status":"passed","title":"should support partial match","duration":0.6553569999999809,"failureMessages":[],"meta":{}},{"ancestorTitles":["InfrahubClient Phase 2","count()"],"fullName":"InfrahubClient Phase 2 count() should return 0 when no nodes match","status":"passed","title":"should return 0 when no nodes match","duration":0.6167820000000575,"failureMessages":[],"meta":{}},{"ancestorTitles":["InfrahubClient Phase 2","count()"],"fullName":"InfrahubClient Phase 2 count() should use specified branch","status":"passed","title":"should use specified branch","duration":0.6027640000000929,"failureMessages":[],"meta":{}},{"ancestorTitles":["InfrahubClient Phase 2","pagination"],"fullName":"InfrahubClient Phase 2 pagination should paginate automatically when no limit specified","status":"passed","title":"should paginate automatically when no limit specified","duration":1.3182500000000346,"failureMessages":[],"meta":{}},{"ancestorTitles":["InfrahubClient Phase 2","pagination"],"fullName":"InfrahubClient Phase 2 pagination should stop when a page returns fewer items than paginationSize","status":"passed","title":"should stop when a page returns fewer items than paginationSize","duration":1.2453050000000303,"failureMessages":[],"meta":{}},{"ancestorTitles":["InfrahubClient Phase 2","pagination"],"fullName":"InfrahubClient Phase 2 pagination should use explicit offset/limit without pagination","status":"passed","title":"should use explicit offset/limit without pagination","duration":1.531362999999942,"failureMessages":[],"meta":{}},{"ancestorTitles":["InfrahubClient Phase 2","pagination"],"fullName":"InfrahubClient Phase 2 pagination should handle empty results","status":"passed","title":"should handle empty results","duration":1.008395999999948,"failureMessages":[],"meta":{}},{"ancestorTitles":["InfrahubClient Phase 2","clone()"],"fullName":"InfrahubClient Phase 2 clone() should create a new client with a different default branch","status":"passed","title":"should create a new client with a different default branch","duration":1.073099999999954,"failureMessages":[],"meta":{}},{"ancestorTitles":["InfrahubClient Phase 2","clone()"],"fullName":"InfrahubClient Phase 2 clone() should preserve config settings","status":"passed","title":"should preserve config settings","duration":0.9088769999999613,"failureMessages":[],"meta":{}},{"ancestorTitles":["InfrahubClient Phase 2","clone()"],"fullName":"InfrahubClient Phase 2 clone() should have independent store","status":"passed","title":"should have independent store","duration":2.261256000000003,"failureMessages":[],"meta":{}},{"ancestorTitles":["InfrahubClient Phase 2","clone()"],"fullName":"InfrahubClient Phase 2 clone() should keep same branch when no branch specified","status":"passed","title":"should keep same branch when no branch specified","duration":1.4298430000000053,"failureMessages":[],"meta":{}},{"ancestorTitles":["InfrahubClient Phase 2","createBatch()"],"fullName":"InfrahubClient Phase 2 createBatch() should create a batch with default concurrency","status":"passed","title":"should create a batch with default concurrency","duration":0.9655070000000023,"failureMessages":[],"meta":{}},{"ancestorTitles":["InfrahubClient Phase 2","createBatch()"],"fullName":"InfrahubClient Phase 2 createBatch() should create a batch with custom concurrency","status":"passed","title":"should create a batch with custom concurrency","duration":0.6181710000000749,"failureMessages":[],"meta":{}}],"startTime":1772665406282,"endTime":1772665406314.6182,"status":"passed","message":"","name":"/mnt/data/projects/infrahub-sdk-ts/tests/unit/client-phase2.test.ts"},{"assertionResults":[{"ancestorTitles":["InfrahubClient","constructor"],"fullName":"InfrahubClient constructor should create a client with default config","status":"passed","title":"should create a client with default config","duration":6.798919000000069,"failureMessages":[],"meta":{}},{"ancestorTitles":["InfrahubClient","constructor"],"fullName":"InfrahubClient constructor should accept custom config","status":"passed","title":"should accept custom config","duration":0.6966160000000627,"failureMessages":[],"meta":{}},{"ancestorTitles":["InfrahubClient","create"],"fullName":"InfrahubClient create should create a new node instance","status":"passed","title":"should create a new node instance","duration":2.2570709999999963,"failureMessages":[],"meta":{}},{"ancestorTitles":["InfrahubClient","create"],"fullName":"InfrahubClient create should use specified branch","status":"passed","title":"should use specified branch","duration":0.7494679999999789,"failureMessages":[],"meta":{}},{"ancestorTitles":["InfrahubClient","save (create)"],"fullName":"InfrahubClient save (create) should create a node on the server","status":"passed","title":"should create a node on the server","duration":2.23436700000002,"failureMessages":[],"meta":{}},{"ancestorTitles":["InfrahubClient","save (create)"],"fullName":"InfrahubClient save (create) should update an existing node","status":"passed","title":"should update an existing node","duration":1.0586739999999963,"failureMessages":[],"meta":{}},{"ancestorTitles":["InfrahubClient","get"],"fullName":"InfrahubClient get should get a node by ID","status":"passed","title":"should get a node by ID","duration":2.1048299999999927,"failureMessages":[],"meta":{}},{"ancestorTitles":["InfrahubClient","get"],"fullName":"InfrahubClient get should throw NodeNotFoundError when not found","status":"passed","title":"should throw NodeNotFoundError when not found","duration":1.9055319999999938,"failureMessages":[],"meta":{}},{"ancestorTitles":["InfrahubClient","get"],"fullName":"InfrahubClient get should throw when more than one node returned","status":"passed","title":"should throw when more than one node returned","duration":1.7519939999999679,"failureMessages":[],"meta":{}},{"ancestorTitles":["InfrahubClient","get"],"fullName":"InfrahubClient get should require at least one filter","status":"passed","title":"should require at least one filter","duration":0.7506909999999607,"failureMessages":[],"meta":{}},{"ancestorTitles":["InfrahubClient","all"],"fullName":"InfrahubClient all should retrieve all nodes of a kind","status":"passed","title":"should retrieve all nodes of a kind","duration":2.305349999999976,"failureMessages":[],"meta":{}},{"ancestorTitles":["InfrahubClient","all"],"fullName":"InfrahubClient all should populate store by default","status":"passed","title":"should populate store by default","duration":1.0698040000000901,"failureMessages":[],"meta":{}},{"ancestorTitles":["InfrahubClient","all"],"fullName":"InfrahubClient all should not populate store when disabled","status":"passed","title":"should not populate store when disabled","duration":1.2084530000000768,"failureMessages":[],"meta":{}},{"ancestorTitles":["InfrahubClient","delete"],"fullName":"InfrahubClient delete should delete a node by ID","status":"passed","title":"should delete a node by ID","duration":1.1367309999999407,"failureMessages":[],"meta":{}},{"ancestorTitles":["InfrahubClient","delete"],"fullName":"InfrahubClient delete should remove node from store after deletion","status":"passed","title":"should remove node from store after deletion","duration":1.0879149999999527,"failureMessages":[],"meta":{}},{"ancestorTitles":["InfrahubClient","executeGraphQL"],"fullName":"InfrahubClient executeGraphQL should execute raw GraphQL query","status":"passed","title":"should execute raw GraphQL query","duration":1.8330320000000029,"failureMessages":[],"meta":{}},{"ancestorTitles":["InfrahubClient","executeGraphQL"],"fullName":"InfrahubClient executeGraphQL should throw GraphQLError on GraphQL errors","status":"passed","title":"should throw GraphQLError on GraphQL errors","duration":1.5654000000000678,"failureMessages":[],"meta":{}},{"ancestorTitles":["InfrahubClient","executeGraphQL"],"fullName":"InfrahubClient executeGraphQL should throw AuthenticationError on 401","status":"passed","title":"should throw AuthenticationError on 401","duration":1.0336369999999988,"failureMessages":[],"meta":{}},{"ancestorTitles":["InfrahubClient","getVersion"],"fullName":"InfrahubClient getVersion should return the server version","status":"passed","title":"should return the server version","duration":0.9065250000001015,"failureMessages":[],"meta":{}}],"startTime":1772665406282,"endTime":1772665406315.9065,"status":"passed","message":"","name":"/mnt/data/projects/infrahub-sdk-ts/tests/unit/client.test.ts"},{"assertionResults":[{"ancestorTitles":["Config","createConfig"],"fullName":"Config createConfig should create config with defaults","status":"passed","title":"should create config with defaults","duration":15.676166999999964,"failureMessages":[],"meta":{}},{"ancestorTitles":["Config","createConfig"],"fullName":"Config createConfig should accept custom address","status":"passed","title":"should accept custom address","duration":0.749245999999971,"failureMessages":[],"meta":{}},{"ancestorTitles":["Config","createConfig"],"fullName":"Config createConfig should strip trailing slash from address","status":"passed","title":"should strip trailing slash from address","duration":0.5692070000000058,"failureMessages":[],"meta":{}},{"ancestorTitles":["Config","createConfig"],"fullName":"Config createConfig should accept API token","status":"passed","title":"should accept API token","duration":0.49313399999999774,"failureMessages":[],"meta":{}},{"ancestorTitles":["Config","createConfig"],"fullName":"Config createConfig should accept username and password together","status":"passed","title":"should accept username and password together","duration":0.6182259999999928,"failureMessages":[],"meta":{}},{"ancestorTitles":["Config","createConfig"],"fullName":"Config createConfig should reject username without password","status":"passed","title":"should reject username without password","duration":3.427968999999962,"failureMessages":[],"meta":{}},{"ancestorTitles":["Config","createConfig"],"fullName":"Config createConfig should reject password without username","status":"passed","title":"should reject password without username","duration":2.8210390000000416,"failureMessages":[],"meta":{}},{"ancestorTitles":["Config","createConfig"],"fullName":"Config createConfig should reject password combined with API token","status":"passed","title":"should reject password combined with API token","duration":1.412381000000039,"failureMessages":[],"meta":{}},{"ancestorTitles":["Config","createConfig"],"fullName":"Config createConfig should reject invalid URL","status":"passed","title":"should reject invalid URL","duration":2.2019050000000107,"failureMessages":[],"meta":{}},{"ancestorTitles":["Config","createConfig"],"fullName":"Config createConfig should accept custom timeout","status":"passed","title":"should accept custom timeout","duration":1.0886559999999577,"failureMessages":[],"meta":{}},{"ancestorTitles":["Config","createConfig"],"fullName":"Config createConfig should accept custom pagination size","status":"passed","title":"should accept custom pagination size","duration":1.075490000000002,"failureMessages":[],"meta":{}},{"ancestorTitles":["Config","createConfig"],"fullName":"Config createConfig should accept custom default branch","status":"passed","title":"should accept custom default branch","duration":3.016836000000012,"failureMessages":[],"meta":{}}],"startTime":1772665407902,"endTime":1772665407936.0168,"status":"passed","message":"","name":"/mnt/data/projects/infrahub-sdk-ts/tests/unit/config.test.ts"},{"assertionResults":[{"ancestorTitles":["ServerNotResponsiveError"],"fullName":"ServerNotResponsiveError should set url and timeout properties","status":"passed","title":"should set url and timeout properties","duration":3.79228599999999,"failureMessages":[],"meta":{}},{"ancestorTitles":["ServerNotResponsiveError"],"fullName":"ServerNotResponsiveError should generate default message with timeout","status":"passed","title":"should generate default message with timeout","duration":0.3750949999999875,"failureMessages":[],"meta":{}},{"ancestorTitles":["ServerNotResponsiveError"],"fullName":"ServerNotResponsiveError should generate default message without timeout","status":"passed","title":"should generate default message without timeout","duration":0.36813300000000027,"failureMessages":[],"meta":{}},{"ancestorTitles":["ServerNotResponsiveError"],"fullName":"ServerNotResponsiveError should use custom message when provided","status":"passed","title":"should use custom message when provided","duration":0.3235770000000002,"failureMessages":[],"meta":{}},{"ancestorTitles":["ServerNotResponsiveError"],"fullName":"ServerNotResponsiveError should be an instance of Error","status":"passed","title":"should be an instance of Error","duration":0.344428999999991,"failureMessages":[],"meta":{}},{"ancestorTitles":["URLNotFoundError"],"fullName":"URLNotFoundError should set url property and format message","status":"passed","title":"should set url property and format message","duration":0.38105800000005274,"failureMessages":[],"meta":{}},{"ancestorTitles":["URLNotFoundError"],"fullName":"URLNotFoundError should be an instance of Error","status":"passed","title":"should be an instance of Error","duration":0.24092699999999923,"failureMessages":[],"meta":{}},{"ancestorTitles":["URLNotFoundError"],"fullName":"URLNotFoundError should include backtick-wrapped URL in message","status":"passed","title":"should include backtick-wrapped URL in message","duration":0.2472789999999918,"failureMessages":[],"meta":{}},{"ancestorTitles":["GraphQLError"],"fullName":"GraphQLError should format error messages from errors array","status":"passed","title":"should format error messages from errors array","duration":0.5926709999999957,"failureMessages":[],"meta":{}},{"ancestorTitles":["GraphQLError"],"fullName":"GraphQLError should truncate long queries in the message to 200 characters","status":"passed","title":"should truncate long queries in the message to 200 characters","duration":0.5827639999999974,"failureMessages":[],"meta":{}},{"ancestorTitles":["GraphQLError"],"fullName":"GraphQLError should not truncate short queries","status":"passed","title":"should not truncate short queries","duration":0.3965220000000045,"failureMessages":[],"meta":{}},{"ancestorTitles":["GraphQLError"],"fullName":"GraphQLError should handle errors without message property","status":"passed","title":"should handle errors without message property","duration":0.2580390000000534,"failureMessages":[],"meta":{}},{"ancestorTitles":["GraphQLError"],"fullName":"GraphQLError should show 'unknown' when no query provided","status":"passed","title":"should show 'unknown' when no query provided","duration":0.25646399999999403,"failureMessages":[],"meta":{}},{"ancestorTitles":["GraphQLError"],"fullName":"GraphQLError should store variables","status":"passed","title":"should store variables","duration":0.21892700000000787,"failureMessages":[],"meta":{}},{"ancestorTitles":["GraphQLError"],"fullName":"GraphQLError should handle exactly 200-character query without truncation","status":"passed","title":"should handle exactly 200-character query without truncation","duration":0.27711299999998573,"failureMessages":[],"meta":{}},{"ancestorTitles":["GraphQLError"],"fullName":"GraphQLError should handle empty errors array","status":"passed","title":"should handle empty errors array","duration":1.058618000000024,"failureMessages":[],"meta":{}},{"ancestorTitles":["InfrahubError"],"fullName":"InfrahubError should set name and message","status":"passed","title":"should set name and message","duration":0.3745579999999791,"failureMessages":[],"meta":{}},{"ancestorTitles":["InfrahubError"],"fullName":"InfrahubError should work without message","status":"passed","title":"should work without message","duration":0.25574300000005223,"failureMessages":[],"meta":{}},{"ancestorTitles":["ServerNotReachableError"],"fullName":"ServerNotReachableError should set address and message","status":"passed","title":"should set address and message","duration":0.9439889999999878,"failureMessages":[],"meta":{}},{"ancestorTitles":["ServerNotReachableError"],"fullName":"ServerNotReachableError should use default message when none provided","status":"passed","title":"should use default message when none provided","duration":0.30255699999997887,"failureMessages":[],"meta":{}},{"ancestorTitles":["AuthenticationError"],"fullName":"AuthenticationError should set name and message","status":"passed","title":"should set name and message","duration":0.5801710000000071,"failureMessages":[],"meta":{}},{"ancestorTitles":["AuthenticationError"],"fullName":"AuthenticationError should use default message","status":"passed","title":"should use default message","duration":0.3059279999999944,"failureMessages":[],"meta":{}},{"ancestorTitles":["NodeNotFoundError"],"fullName":"NodeNotFoundError should set properties from options","status":"passed","title":"should set properties from options","duration":1.7104939999999829,"failureMessages":[],"meta":{}},{"ancestorTitles":["NodeNotFoundError"],"fullName":"NodeNotFoundError should default nodeType to unknown","status":"passed","title":"should default nodeType to unknown","duration":0.3444279999999935,"failureMessages":[],"meta":{}},{"ancestorTitles":["SchemaNotFoundError"],"fullName":"SchemaNotFoundError should set identifier and message","status":"passed","title":"should set identifier and message","duration":0.5373189999999681,"failureMessages":[],"meta":{}},{"ancestorTitles":["BranchNotFoundError"],"fullName":"BranchNotFoundError should set identifier and message","status":"passed","title":"should set identifier and message","duration":0.5170219999999972,"failureMessages":[],"meta":{}},{"ancestorTitles":["ValidationError"],"fullName":"ValidationError should set identifier, message, and messages","status":"passed","title":"should set identifier, message, and messages","duration":0.6973570000000109,"failureMessages":[],"meta":{}},{"ancestorTitles":["ValidationError"],"fullName":"ValidationError should use default message","status":"passed","title":"should use default message","duration":0.3343170000000555,"failureMessages":[],"meta":{}}],"startTime":1772665407878,"endTime":1772665407896.3342,"status":"passed","message":"","name":"/mnt/data/projects/infrahub-sdk-ts/tests/unit/errors.test.ts"},{"assertionResults":[{"ancestorTitles":["InfrahubGroupContext","setProperties()"],"fullName":"InfrahubGroupContext setProperties() should set identifier and params","status":"passed","title":"should set identifier and params","duration":24.251950999999963,"failureMessages":[],"meta":{}},{"ancestorTitles":["InfrahubGroupContext","setProperties()"],"fullName":"InfrahubGroupContext setProperties() should use defaults for optional properties","status":"passed","title":"should use defaults for optional properties","duration":0.6631350000000111,"failureMessages":[],"meta":{}},{"ancestorTitles":["InfrahubGroupContext","addRelatedNodes()"],"fullName":"InfrahubGroupContext addRelatedNodes() should track unique node IDs","status":"passed","title":"should track unique node IDs","duration":6.197285000000079,"failureMessages":[],"meta":{}},{"ancestorTitles":["InfrahubGroupContext","addRelatedNodes()"],"fullName":"InfrahubGroupContext addRelatedNodes() should not add duplicate IDs","status":"passed","title":"should not add duplicate IDs","duration":1.3792320000000018,"failureMessages":[],"meta":{}},{"ancestorTitles":["InfrahubGroupContext","addRelatedGroups()"],"fullName":"InfrahubGroupContext addRelatedGroups() should track unique group IDs","status":"passed","title":"should track unique group IDs","duration":0.3666329999999789,"failureMessages":[],"meta":{}},{"ancestorTitles":["InfrahubGroupContext","generateGroupName()"],"fullName":"InfrahubGroupContext generateGroupName() should use just identifier when no params","status":"passed","title":"should use just identifier when no params","duration":0.23342800000000352,"failureMessages":[],"meta":{}},{"ancestorTitles":["InfrahubGroupContext","generateGroupName()"],"fullName":"InfrahubGroupContext generateGroupName() should include hash when params are set","status":"passed","title":"should include hash when params are set","duration":0.3461139999999432,"failureMessages":[],"meta":{}},{"ancestorTitles":["InfrahubGroupContext","generateGroupName()"],"fullName":"InfrahubGroupContext generateGroupName() should include suffix","status":"passed","title":"should include suffix","duration":0.2035569999999325,"failureMessages":[],"meta":{}},{"ancestorTitles":["InfrahubGroupContext","generateGroupName()"],"fullName":"InfrahubGroupContext generateGroupName() should include suffix and hash","status":"passed","title":"should include suffix and hash","duration":0.5182810000000018,"failureMessages":[],"meta":{}},{"ancestorTitles":["InfrahubGroupContext","generateGroupName()"],"fullName":"InfrahubGroupContext generateGroupName() should be deterministic for same params","status":"passed","title":"should be deterministic for same params","duration":0.3274099999999862,"failureMessages":[],"meta":{}},{"ancestorTitles":["InfrahubGroupContext","generateGroupName()"],"fullName":"InfrahubGroupContext generateGroupName() should differ for different params","status":"passed","title":"should differ for different params","duration":0.5501890000000458,"failureMessages":[],"meta":{}},{"ancestorTitles":["InfrahubGroupContext","generateGroupDescription()"],"fullName":"InfrahubGroupContext generateGroupDescription() should include identifier when no params","status":"passed","title":"should include identifier when no params","duration":0.2808909999999969,"failureMessages":[],"meta":{}},{"ancestorTitles":["InfrahubGroupContext","generateGroupDescription()"],"fullName":"InfrahubGroupContext generateGroupDescription() should include params in description","status":"passed","title":"should include params in description","duration":0.3514279999999417,"failureMessages":[],"meta":{}},{"ancestorTitles":["InfrahubGroupContext","updateGroup()"],"fullName":"InfrahubGroupContext updateGroup() should execute a create mutation with tracked nodes","status":"passed","title":"should execute a create mutation with tracked nodes","duration":2.816853999999921,"failureMessages":[],"meta":{}},{"ancestorTitles":["InfrahubGroupContext","updateGroup()"],"fullName":"InfrahubGroupContext updateGroup() should use custom group type","status":"passed","title":"should use custom group type","duration":1.5165110000000368,"failureMessages":[],"meta":{}},{"ancestorTitles":["InfrahubGroupContext","updateGroup()"],"fullName":"InfrahubGroupContext updateGroup() should skip if identifier is empty","status":"passed","title":"should skip if identifier is empty","duration":3.7601929999999584,"failureMessages":[],"meta":{}},{"ancestorTitles":["InfrahubGroupContext","updateGroup()"],"fullName":"InfrahubGroupContext updateGroup() should delete unused nodes when enabled","status":"passed","title":"should delete unused nodes when enabled","duration":0.9193770000000541,"failureMessages":[],"meta":{}},{"ancestorTitles":["InfrahubGroupContext","updateGroup()"],"fullName":"InfrahubGroupContext updateGroup() should not delete when deleteUnusedNodes is false","status":"passed","title":"should not delete when deleteUnusedNodes is false","duration":0.5179109999999127,"failureMessages":[],"meta":{}},{"ancestorTitles":["InfrahubGroupContext","updateGroup()"],"fullName":"InfrahubGroupContext updateGroup() should handle delete failures gracefully","status":"passed","title":"should handle delete failures gracefully","duration":0.7486900000000105,"failureMessages":[],"meta":{}},{"ancestorTitles":["InfrahubGroupContext","updateGroup()"],"fullName":"InfrahubGroupContext updateGroup() should pass branch and tracker to executor","status":"passed","title":"should pass branch and tracker to executor","duration":2.830094000000031,"failureMessages":[],"meta":{}},{"ancestorTitles":["InfrahubGroupContext","reset()"],"fullName":"InfrahubGroupContext reset() should clear all tracked IDs","status":"passed","title":"should clear all tracked IDs","duration":0.7890059999999721,"failureMessages":[],"meta":{}}],"startTime":1772665405461,"endTime":1772665405512.789,"status":"passed","message":"","name":"/mnt/data/projects/infrahub-sdk-ts/tests/unit/group-context.test.ts"},{"assertionResults":[{"ancestorTitles":["buildIPAddressAllocationMutation"],"fullName":"buildIPAddressAllocationMutation should build minimal mutation with just pool ID","status":"passed","title":"should build minimal mutation with just pool ID","duration":4.079492000000016,"failureMessages":[],"meta":{}},{"ancestorTitles":["buildIPAddressAllocationMutation"],"fullName":"buildIPAddressAllocationMutation should include optional identifier","status":"passed","title":"should include optional identifier","duration":0.34724299999999175,"failureMessages":[],"meta":{}},{"ancestorTitles":["buildIPAddressAllocationMutation"],"fullName":"buildIPAddressAllocationMutation should include prefix_length","status":"passed","title":"should include prefix_length","duration":0.24274199999996426,"failureMessages":[],"meta":{}},{"ancestorTitles":["buildIPAddressAllocationMutation"],"fullName":"buildIPAddressAllocationMutation should include address_type as prefix_type","status":"passed","title":"should include address_type as prefix_type","duration":0.23163099999999304,"failureMessages":[],"meta":{}},{"ancestorTitles":["buildIPAddressAllocationMutation"],"fullName":"buildIPAddressAllocationMutation should include all options together","status":"passed","title":"should include all options together","duration":0.38402200000001585,"failureMessages":[],"meta":{}},{"ancestorTitles":["buildIPPrefixAllocationMutation"],"fullName":"buildIPPrefixAllocationMutation should build minimal mutation with just pool ID","status":"passed","title":"should build minimal mutation with just pool ID","duration":0.4257999999999811,"failureMessages":[],"meta":{}},{"ancestorTitles":["buildIPPrefixAllocationMutation"],"fullName":"buildIPPrefixAllocationMutation should include member_type","status":"passed","title":"should include member_type","duration":0.3163359999999784,"failureMessages":[],"meta":{}},{"ancestorTitles":["buildIPPrefixAllocationMutation"],"fullName":"buildIPPrefixAllocationMutation should include prefix_type","status":"passed","title":"should include prefix_type","duration":0.5774850000000242,"failureMessages":[],"meta":{}},{"ancestorTitles":["buildIPPrefixAllocationMutation"],"fullName":"buildIPPrefixAllocationMutation should include prefix_length","status":"passed","title":"should include prefix_length","duration":0.3533729999999764,"failureMessages":[],"meta":{}},{"ancestorTitles":["buildIPPrefixAllocationMutation"],"fullName":"buildIPPrefixAllocationMutation should include all options together","status":"passed","title":"should include all options together","duration":0.4325579999999718,"failureMessages":[],"meta":{}},{"ancestorTitles":["parseAllocationResponse"],"fullName":"parseAllocationResponse should parse successful allocation","status":"passed","title":"should parse successful allocation","duration":0.8598400000000197,"failureMessages":[],"meta":{}},{"ancestorTitles":["parseAllocationResponse"],"fullName":"parseAllocationResponse should handle failed allocation (ok=false)","status":"passed","title":"should handle failed allocation (ok=false)","duration":0.280557999999985,"failureMessages":[],"meta":{}},{"ancestorTitles":["parseAllocationResponse"],"fullName":"parseAllocationResponse should handle missing mutation key in response","status":"passed","title":"should handle missing mutation key in response","duration":0.19892800000002353,"failureMessages":[],"meta":{}},{"ancestorTitles":["parseAllocationResponse"],"fullName":"parseAllocationResponse should handle null identifier in node","status":"passed","title":"should handle null identifier in node","duration":0.2105020000000195,"failureMessages":[],"meta":{}}],"startTime":1772665408929,"endTime":1772665408939.2104,"status":"passed","message":"","name":"/mnt/data/projects/infrahub-sdk-ts/tests/unit/ip-pool.test.ts"},{"assertionResults":[{"ancestorTitles":["ObjectStore","get()"],"fullName":"ObjectStore get() should retrieve content by identifier","status":"passed","title":"should retrieve content by identifier","duration":7.045734999999979,"failureMessages":[],"meta":{}},{"ancestorTitles":["ObjectStore","get()"],"fullName":"ObjectStore get() should send tracker header when provided","status":"passed","title":"should send tracker header when provided","duration":1.6733629999999948,"failureMessages":[],"meta":{}},{"ancestorTitles":["ObjectStore","get()"],"fullName":"ObjectStore get() should handle JSON response data","status":"passed","title":"should handle JSON response data","duration":0.8327470000000403,"failureMessages":[],"meta":{}},{"ancestorTitles":["ObjectStore","get()"],"fullName":"ObjectStore get() should throw AuthenticationError on 401","status":"passed","title":"should throw AuthenticationError on 401","duration":1.6332890000000475,"failureMessages":[],"meta":{}},{"ancestorTitles":["ObjectStore","get()"],"fullName":"ObjectStore get() should throw AuthenticationError on 403","status":"passed","title":"should throw AuthenticationError on 403","duration":0.6751160000000027,"failureMessages":[],"meta":{}},{"ancestorTitles":["ObjectStore","get()"],"fullName":"ObjectStore get() should throw ServerNotReachableError on other errors","status":"passed","title":"should throw ServerNotReachableError on other errors","duration":0.9146729999999934,"failureMessages":[],"meta":{}},{"ancestorTitles":["ObjectStore","get()"],"fullName":"ObjectStore get() should URL-encode the identifier","status":"passed","title":"should URL-encode the identifier","duration":1.790549999999996,"failureMessages":[],"meta":{}},{"ancestorTitles":["ObjectStore","upload()"],"fullName":"ObjectStore upload() should upload content and return response","status":"passed","title":"should upload content and return response","duration":0.9629509999999755,"failureMessages":[],"meta":{}},{"ancestorTitles":["ObjectStore","upload()"],"fullName":"ObjectStore upload() should send tracker header when provided","status":"passed","title":"should send tracker header when provided","duration":0.7690430000000106,"failureMessages":[],"meta":{}},{"ancestorTitles":["ObjectStore","upload()"],"fullName":"ObjectStore upload() should throw AuthenticationError on 401","status":"passed","title":"should throw AuthenticationError on 401","duration":0.9182659999999601,"failureMessages":[],"meta":{}},{"ancestorTitles":["ObjectStore","upload()"],"fullName":"ObjectStore upload() should throw AuthenticationError on 403","status":"passed","title":"should throw AuthenticationError on 403","duration":0.6914300000000253,"failureMessages":[],"meta":{}},{"ancestorTitles":["ObjectStore","upload()"],"fullName":"ObjectStore upload() should throw ServerNotReachableError on server errors","status":"passed","title":"should throw ServerNotReachableError on server errors","duration":0.6466710000000262,"failureMessages":[],"meta":{}},{"ancestorTitles":["ObjectStore","upload()"],"fullName":"ObjectStore upload() should handle null response data","status":"passed","title":"should handle null response data","duration":0.6231890000000249,"failureMessages":[],"meta":{}}],"startTime":1772665408387,"endTime":1772665408407.6233,"status":"passed","message":"","name":"/mnt/data/projects/infrahub-sdk-ts/tests/unit/object-store.test.ts"},{"assertionResults":[{"ancestorTitles":["ProxyHttpClient","constructor"],"fullName":"ProxyHttpClient constructor should accept empty config","status":"passed","title":"should accept empty config","duration":3.2034680000000435,"failureMessages":[],"meta":{}},{"ancestorTitles":["ProxyHttpClient","constructor"],"fullName":"ProxyHttpClient constructor should store proxy URL","status":"passed","title":"should store proxy URL","duration":0.5486339999999927,"failureMessages":[],"meta":{}},{"ancestorTitles":["ProxyHttpClient","constructor"],"fullName":"ProxyHttpClient constructor should store TLS insecure setting","status":"passed","title":"should store TLS insecure setting","duration":0.26800199999991037,"failureMessages":[],"meta":{}},{"ancestorTitles":["ProxyHttpClient","constructor"],"fullName":"ProxyHttpClient constructor should store CA file path","status":"passed","title":"should store CA file path","duration":0.2575580000000173,"failureMessages":[],"meta":{}},{"ancestorTitles":["ProxyHttpClient","constructor"],"fullName":"ProxyHttpClient constructor should store all settings together","status":"passed","title":"should store all settings together","duration":0.41792899999995825,"failureMessages":[],"meta":{}},{"ancestorTitles":["ProxyHttpClient","request()"],"fullName":"ProxyHttpClient request() should make a successful request and return parsed response","status":"passed","title":"should make a successful request and return parsed response","duration":13.317835999999943,"failureMessages":[],"meta":{}},{"ancestorTitles":["ProxyHttpClient","request()"],"fullName":"ProxyHttpClient request() should handle response with non-JSON body gracefully","status":"passed","title":"should handle response with non-JSON body gracefully","duration":1.09078599999998,"failureMessages":[],"meta":{}},{"ancestorTitles":["ProxyHttpClient","request()"],"fullName":"ProxyHttpClient request() should not include body in fetch when body is undefined","status":"passed","title":"should not include body in fetch when body is undefined","duration":0.91595099999995,"failureMessages":[],"meta":{}},{"ancestorTitles":["ProxyHttpClient","request()"],"fullName":"ProxyHttpClient request() should throw ServerNotResponsiveError on timeout/abort","status":"passed","title":"should throw ServerNotResponsiveError on timeout/abort","duration":3.2324310000000196,"failureMessages":[],"meta":{}},{"ancestorTitles":["ProxyHttpClient","request()"],"fullName":"ProxyHttpClient request() should throw ServerNotReachableError on network TypeError","status":"passed","title":"should throw ServerNotReachableError on network TypeError","duration":3.816970999999967,"failureMessages":[],"meta":{}},{"ancestorTitles":["ProxyHttpClient","request()"],"fullName":"ProxyHttpClient request() should re-throw unknown errors unchanged","status":"passed","title":"should re-throw unknown errors unchanged","duration":2.358739000000014,"failureMessages":[],"meta":{}},{"ancestorTitles":["ProxyHttpClient","request()"],"fullName":"ProxyHttpClient request() should clear timeout on success","status":"passed","title":"should clear timeout on success","duration":3.1984860000000026,"failureMessages":[],"meta":{}},{"ancestorTitles":["ProxyHttpClient","request()"],"fullName":"ProxyHttpClient request() should clear timeout on error","status":"passed","title":"should clear timeout on error","duration":1.2796940000000632,"failureMessages":[],"meta":{}},{"ancestorTitles":["ProxyHttpClient","createDispatcher()"],"fullName":"ProxyHttpClient createDispatcher() should not attach a dispatcher when no proxy/TLS configured","status":"passed","title":"should not attach a dispatcher when no proxy/TLS configured","duration":1.0545260000000098,"failureMessages":[],"meta":{}},{"ancestorTitles":["ProxyHttpClient","createDispatcher()"],"fullName":"ProxyHttpClient createDispatcher() should gracefully fall back when undici is not available (proxy configured)","status":"passed","title":"should gracefully fall back when undici is not available (proxy configured)","duration":32.260062999999946,"failureMessages":[],"meta":{}},{"ancestorTitles":["ProxyHttpClient","createDispatcher()"],"fullName":"ProxyHttpClient createDispatcher() should gracefully fall back when undici is not available (tlsInsecure configured)","status":"passed","title":"should gracefully fall back when undici is not available (tlsInsecure configured)","duration":2.795223999999962,"failureMessages":[],"meta":{}},{"ancestorTitles":["ProxyHttpClient","createDispatcher()"],"fullName":"ProxyHttpClient createDispatcher() should gracefully fall back when undici is not available (tlsCaFile configured)","status":"passed","title":"should gracefully fall back when undici is not available (tlsCaFile configured)","duration":4.80920100000003,"failureMessages":[],"meta":{}},{"ancestorTitles":["Config TLS/proxy fields"],"fullName":"Config TLS/proxy fields should accept proxyUrl","status":"passed","title":"should accept proxyUrl","duration":3.917732000000001,"failureMessages":[],"meta":{}},{"ancestorTitles":["Config TLS/proxy fields"],"fullName":"Config TLS/proxy fields should default tlsInsecure to false","status":"passed","title":"should default tlsInsecure to false","duration":3.6897109999999884,"failureMessages":[],"meta":{}},{"ancestorTitles":["Config TLS/proxy fields"],"fullName":"Config TLS/proxy fields should accept tlsInsecure=true","status":"passed","title":"should accept tlsInsecure=true","duration":0.45091100000001916,"failureMessages":[],"meta":{}},{"ancestorTitles":["Config TLS/proxy fields"],"fullName":"Config TLS/proxy fields should accept tlsCaFile","status":"passed","title":"should accept tlsCaFile","duration":0.30087300000002415,"failureMessages":[],"meta":{}},{"ancestorTitles":["Config TLS/proxy fields"],"fullName":"Config TLS/proxy fields should not require proxy/TLS options","status":"passed","title":"should not require proxy/TLS options","duration":0.4409850000000688,"failureMessages":[],"meta":{}},{"ancestorTitles":["Config TLS/proxy fields"],"fullName":"Config TLS/proxy fields should reject invalid proxy URL","status":"passed","title":"should reject invalid proxy URL","duration":2.424109999999928,"failureMessages":[],"meta":{}}],"startTime":1772665405507,"endTime":1772665405594.424,"status":"passed","message":"","name":"/mnt/data/projects/infrahub-sdk-ts/tests/unit/proxy-client.test.ts"},{"assertionResults":[{"ancestorTitles":["generateRequestFilename"],"fullName":"generateRequestFilename should generate deterministic filenames","status":"passed","title":"should generate deterministic filenames","duration":4.132974000000047,"failureMessages":[],"meta":{}},{"ancestorTitles":["generateRequestFilename"],"fullName":"generateRequestFilename should produce different names for different URLs","status":"passed","title":"should produce different names for different URLs","duration":1.715735000000052,"failureMessages":[],"meta":{}},{"ancestorTitles":["generateRequestFilename"],"fullName":"generateRequestFilename should produce different names for different methods","status":"passed","title":"should produce different names for different methods","duration":0.4091510000000085,"failureMessages":[],"meta":{}},{"ancestorTitles":["generateRequestFilename"],"fullName":"generateRequestFilename should produce different names for different bodies","status":"passed","title":"should produce different names for different bodies","duration":0.41257699999999886,"failureMessages":[],"meta":{}},{"ancestorTitles":["generateRequestFilename"],"fullName":"generateRequestFilename should handle requests without body","status":"passed","title":"should handle requests without body","duration":0.35255800000004456,"failureMessages":[],"meta":{}},{"ancestorTitles":["MemoryRecorderStorage"],"fullName":"MemoryRecorderStorage should write and read entries","status":"passed","title":"should write and read entries","duration":1.4850470000000087,"failureMessages":[],"meta":{}},{"ancestorTitles":["MemoryRecorderStorage"],"fullName":"MemoryRecorderStorage should check existence","status":"passed","title":"should check existence","duration":0.9245619999999803,"failureMessages":[],"meta":{}},{"ancestorTitles":["MemoryRecorderStorage"],"fullName":"MemoryRecorderStorage should throw on reading non-existent entry","status":"passed","title":"should throw on reading non-existent entry","duration":2.208071000000018,"failureMessages":[],"meta":{}},{"ancestorTitles":["MemoryRecorderStorage"],"fullName":"MemoryRecorderStorage should list keys","status":"passed","title":"should list keys","duration":0.8630980000000363,"failureMessages":[],"meta":{}},{"ancestorTitles":["MemoryRecorderStorage"],"fullName":"MemoryRecorderStorage should clear all entries","status":"passed","title":"should clear all entries","duration":0.3916879999999878,"failureMessages":[],"meta":{}},{"ancestorTitles":["NoRecorder"],"fullName":"NoRecorder should do nothing on record","status":"passed","title":"should do nothing on record","duration":0.2596679999999765,"failureMessages":[],"meta":{}},{"ancestorTitles":["JSONRecorder"],"fullName":"JSONRecorder should record a request/response pair","status":"passed","title":"should record a request/response pair","duration":2.7488720000000058,"failureMessages":[],"meta":{}},{"ancestorTitles":["JSONRecorder"],"fullName":"JSONRecorder should handle string response data","status":"passed","title":"should handle string response data","duration":0.5253739999999993,"failureMessages":[],"meta":{}},{"ancestorTitles":["JSONRecorder"],"fullName":"JSONRecorder should handle requests without body","status":"passed","title":"should handle requests without body","duration":0.44168899999999667,"failureMessages":[],"meta":{}},{"ancestorTitles":["JSONPlayback"],"fullName":"JSONPlayback should replay a recorded response","status":"passed","title":"should replay a recorded response","duration":0.7875980000000027,"failureMessages":[],"meta":{}},{"ancestorTitles":["JSONPlayback"],"fullName":"JSONPlayback should handle non-JSON response content","status":"passed","title":"should handle non-JSON response content","duration":0.4040579999999636,"failureMessages":[],"meta":{}},{"ancestorTitles":["JSONPlayback"],"fullName":"JSONPlayback should throw when no recording exists","status":"passed","title":"should throw when no recording exists","duration":1.1691929999999502,"failureMessages":[],"meta":{}},{"ancestorTitles":["RecordingHttpClient"],"fullName":"RecordingHttpClient should delegate to inner client and record the response","status":"passed","title":"should delegate to inner client and record the response","duration":2.2217569999999682,"failureMessages":[],"meta":{}},{"ancestorTitles":["RecordingHttpClient"],"fullName":"RecordingHttpClient should not record if inner client throws","status":"passed","title":"should not record if inner client throws","duration":0.928024999999991,"failureMessages":[],"meta":{}},{"ancestorTitles":["Round-trip: Record then Playback"],"fullName":"Round-trip: Record then Playback should perfectly reproduce responses through record/playback cycle","status":"passed","title":"should perfectly reproduce responses through record/playback cycle","duration":0.5818369999999504,"failureMessages":[],"meta":{}}],"startTime":1772665406151,"endTime":1772665406175.5818,"status":"passed","message":"","name":"/mnt/data/projects/infrahub-sdk-ts/tests/unit/recorder.test.ts"},{"assertionResults":[{"ancestorTitles":["NodeStore","set and getById"],"fullName":"NodeStore set and getById should store and retrieve a node by ID","status":"passed","title":"should store and retrieve a node by ID","duration":2.6235189999999875,"failureMessages":[],"meta":{}},{"ancestorTitles":["NodeStore","set and getById"],"fullName":"NodeStore set and getById should return undefined for non-existent ID","status":"passed","title":"should return undefined for non-existent ID","duration":0.3056689999999662,"failureMessages":[],"meta":{}},{"ancestorTitles":["NodeStore","set with key"],"fullName":"NodeStore set with key should store and retrieve by custom key","status":"passed","title":"should store and retrieve by custom key","duration":0.3265389999999684,"failureMessages":[],"meta":{}},{"ancestorTitles":["NodeStore","has"],"fullName":"NodeStore has should return true for stored nodes","status":"passed","title":"should return true for stored nodes","duration":0.24676099999999224,"failureMessages":[],"meta":{}},{"ancestorTitles":["NodeStore","has"],"fullName":"NodeStore has should return false for missing nodes","status":"passed","title":"should return false for missing nodes","duration":0.18555699999996023,"failureMessages":[],"meta":{}},{"ancestorTitles":["NodeStore","remove"],"fullName":"NodeStore remove should remove a node by ID","status":"passed","title":"should remove a node by ID","duration":0.26857599999999593,"failureMessages":[],"meta":{}},{"ancestorTitles":["NodeStore","remove"],"fullName":"NodeStore remove should return false when removing non-existent node","status":"passed","title":"should return false when removing non-existent node","duration":0.16383400000000847,"failureMessages":[],"meta":{}},{"ancestorTitles":["NodeStore","getAll"],"fullName":"NodeStore getAll should return all nodes for default branch","status":"passed","title":"should return all nodes for default branch","duration":1.2538790000000404,"failureMessages":[],"meta":{}},{"ancestorTitles":["NodeStore","getAll"],"fullName":"NodeStore getAll should return empty array for empty branch","status":"passed","title":"should return empty array for empty branch","duration":0.34041000000001986,"failureMessages":[],"meta":{}},{"ancestorTitles":["NodeStore","branch isolation"],"fullName":"NodeStore branch isolation should store nodes per branch","status":"passed","title":"should store nodes per branch","duration":0.3277980000000298,"failureMessages":[],"meta":{}},{"ancestorTitles":["NodeStore","clear"],"fullName":"NodeStore clear should clear a specific branch","status":"passed","title":"should clear a specific branch","duration":0.7366900000000101,"failureMessages":[],"meta":{}},{"ancestorTitles":["NodeStore","clear"],"fullName":"NodeStore clear should clear all branches","status":"passed","title":"should clear all branches","duration":0.5444119999999657,"failureMessages":[],"meta":{}}],"startTime":1772665409401,"endTime":1772665409409.5444,"status":"passed","message":"","name":"/mnt/data/projects/infrahub-sdk-ts/tests/unit/store.test.ts"},{"assertionResults":[{"ancestorTitles":["InfrahubTransport","address"],"fullName":"InfrahubTransport address should return the configured server address","status":"passed","title":"should return the configured server address","duration":7.222311000000047,"failureMessages":[],"meta":{}},{"ancestorTitles":["InfrahubTransport","address"],"fullName":"InfrahubTransport address should strip trailing slash from address","status":"passed","title":"should strip trailing slash from address","duration":0.989970000000028,"failureMessages":[],"meta":{}},{"ancestorTitles":["InfrahubTransport","buildGraphQLUrl"],"fullName":"InfrahubTransport buildGraphQLUrl should build base GraphQL URL","status":"passed","title":"should build base GraphQL URL","duration":0.5165769999999839,"failureMessages":[],"meta":{}},{"ancestorTitles":["InfrahubTransport","buildGraphQLUrl"],"fullName":"InfrahubTransport buildGraphQLUrl should include branch name","status":"passed","title":"should include branch name","duration":1.2840460000000462,"failureMessages":[],"meta":{}},{"ancestorTitles":["InfrahubTransport","buildGraphQLUrl"],"fullName":"InfrahubTransport buildGraphQLUrl should include at parameter","status":"passed","title":"should include at parameter","duration":0.5650600000000168,"failureMessages":[],"meta":{}},{"ancestorTitles":["InfrahubTransport","post"],"fullName":"InfrahubTransport post should send POST with correct headers and payload","status":"passed","title":"should send POST with correct headers and payload","duration":5.0009620000000155,"failureMessages":[],"meta":{}},{"ancestorTitles":["InfrahubTransport","post"],"fullName":"InfrahubTransport post should include API token in headers","status":"passed","title":"should include API token in headers","duration":0.7616909999999848,"failureMessages":[],"meta":{}},{"ancestorTitles":["InfrahubTransport","post"],"fullName":"InfrahubTransport post should include extra headers","status":"passed","title":"should include extra headers","duration":0.521837000000005,"failureMessages":[],"meta":{}},{"ancestorTitles":["InfrahubTransport","login"],"fullName":"InfrahubTransport login should login with username/password","status":"passed","title":"should login with username/password","duration":0.769580000000019,"failureMessages":[],"meta":{}},{"ancestorTitles":["InfrahubTransport","login"],"fullName":"InfrahubTransport login should throw when no credentials configured","status":"passed","title":"should throw when no credentials configured","duration":1.748123000000021,"failureMessages":[],"meta":{}},{"ancestorTitles":["InfrahubTransport","login"],"fullName":"InfrahubTransport login should throw on failed login","status":"passed","title":"should throw on failed login","duration":0.6833570000000009,"failureMessages":[],"meta":{}},{"ancestorTitles":["InfrahubTransport","login"],"fullName":"InfrahubTransport login should use Bearer token after login","status":"passed","title":"should use Bearer token after login","duration":2.706538000000023,"failureMessages":[],"meta":{}},{"ancestorTitles":["InfrahubTransport","token refresh"],"fullName":"InfrahubTransport token refresh should refresh token on 401 Expired Signature","status":"passed","title":"should refresh token on 401 Expired Signature","duration":0.939044000000024,"failureMessages":[],"meta":{}},{"ancestorTitles":["InfrahubTransport","token refresh"],"fullName":"InfrahubTransport token refresh should throw AuthenticationError when refresh returns non-200","status":"passed","title":"should throw AuthenticationError when refresh returns non-200","duration":1.091840999999988,"failureMessages":[],"meta":{}},{"ancestorTitles":["InfrahubTransport","retry logic"],"fullName":"InfrahubTransport retry logic should not retry by default","status":"passed","title":"should not retry by default","duration":0.8977100000000178,"failureMessages":[],"meta":{}},{"ancestorTitles":["InfrahubTransport","computeRetryDelay"],"fullName":"InfrahubTransport computeRetryDelay should return constant delay for constant backoff","status":"passed","title":"should return constant delay for constant backoff","duration":0.6473750000000109,"failureMessages":[],"meta":{}},{"ancestorTitles":["InfrahubTransport","computeRetryDelay"],"fullName":"InfrahubTransport computeRetryDelay should double delay each attempt for exponential backoff","status":"passed","title":"should double delay each attempt for exponential backoff","duration":0.6790790000000015,"failureMessages":[],"meta":{}},{"ancestorTitles":["InfrahubTransport","computeRetryDelay"],"fullName":"InfrahubTransport computeRetryDelay should cap at retryMaxDelay","status":"passed","title":"should cap at retryMaxDelay","duration":0.4278359999999566,"failureMessages":[],"meta":{}},{"ancestorTitles":["InfrahubTransport","computeRetryDelay"],"fullName":"InfrahubTransport computeRetryDelay should add jitter when enabled","status":"passed","title":"should add jitter when enabled","duration":1.7779199999999946,"failureMessages":[],"meta":{}},{"ancestorTitles":["InfrahubTransport","computeRetryDelay"],"fullName":"InfrahubTransport computeRetryDelay should not add jitter when disabled","status":"passed","title":"should not add jitter when disabled","duration":0.648097000000007,"failureMessages":[],"meta":{}}],"startTime":1772665406841,"endTime":1772665406871.6482,"status":"passed","message":"","name":"/mnt/data/projects/infrahub-sdk-ts/tests/unit/transport.test.ts"},{"assertionResults":[{"ancestorTitles":["CLI program"],"fullName":"CLI program creates a program with the correct name","status":"passed","title":"creates a program with the correct name","duration":5.257055000000037,"failureMessages":[],"meta":{}},{"ancestorTitles":["CLI program"],"fullName":"CLI program has codegen command","status":"passed","title":"has codegen command","duration":0.8148390000000063,"failureMessages":[],"meta":{}},{"ancestorTitles":["CLI program"],"fullName":"CLI program has schema command","status":"passed","title":"has schema command","duration":0.6045040000000199,"failureMessages":[],"meta":{}},{"ancestorTitles":["CLI program"],"fullName":"CLI program schema command has export subcommand","status":"passed","title":"schema command has export subcommand","duration":0.5299669999999423,"failureMessages":[],"meta":{}},{"ancestorTitles":["CLI program"],"fullName":"CLI program has version option","status":"passed","title":"has version option","duration":0.4625029999999697,"failureMessages":[],"meta":{}},{"ancestorTitles":["codegen command parsing"],"fullName":"codegen command parsing requires --schema option","status":"passed","title":"requires --schema option","duration":3.817600999999968,"failureMessages":[],"meta":{}},{"ancestorTitles":["codegen command parsing"],"fullName":"codegen command parsing parses --schema and --output options","status":"passed","title":"parses --schema and --output options","duration":2.6722780000000057,"failureMessages":[],"meta":{}},{"ancestorTitles":["codegen command parsing"],"fullName":"codegen command parsing defaults output to ./src/generated","status":"passed","title":"defaults output to ./src/generated","duration":0.8234310000000278,"failureMessages":[],"meta":{}},{"ancestorTitles":["codegen command parsing"],"fullName":"codegen command parsing parses --no-generics flag","status":"passed","title":"parses --no-generics flag","duration":0.979710999999952,"failureMessages":[],"meta":{}}],"startTime":1772665408878,"endTime":1772665408894.9797,"status":"passed","message":"","name":"/mnt/data/projects/infrahub-sdk-ts/tests/unit/cli/cli.test.ts"},{"assertionResults":[{"ancestorTitles":["runCodegen"],"fullName":"runCodegen generates files from schema JSON","status":"passed","title":"generates files from schema JSON","duration":34.012408999999934,"failureMessages":[],"meta":{}},{"ancestorTitles":["runCodegen"],"fullName":"runCodegen generates the correct number of files","status":"passed","title":"generates the correct number of files","duration":4.833219999999983,"failureMessages":[],"meta":{}},{"ancestorTitles":["runCodegen"],"fullName":"runCodegen excludes generics when --no-generics","status":"passed","title":"excludes generics when --no-generics","duration":5.14785100000006,"failureMessages":[],"meta":{}},{"ancestorTitles":["runCodegen"],"fullName":"runCodegen sets exitCode on invalid schema path","status":"passed","title":"sets exitCode on invalid schema path","duration":6.763456000000019,"failureMessages":[],"meta":{}},{"ancestorTitles":["runCodegen"],"fullName":"runCodegen sets exitCode on invalid JSON","status":"passed","title":"sets exitCode on invalid JSON","duration":2.4249429999999847,"failureMessages":[],"meta":{}},{"ancestorTitles":["runCodegen"],"fullName":"runCodegen generates deterministic output across runs","status":"passed","title":"generates deterministic output across runs","duration":6.415045000000077,"failureMessages":[],"meta":{}}],"startTime":1772665405584,"endTime":1772665405643.415,"status":"passed","message":"","name":"/mnt/data/projects/infrahub-sdk-ts/tests/unit/cli/codegen-cmd.test.ts"},{"assertionResults":[{"ancestorTitles":["generateFromSchema"],"fullName":"generateFromSchema generates one file per schema plus index and typed-client","status":"passed","title":"generates one file per schema plus index and typed-client","duration":4.100825999999984,"failureMessages":[],"meta":{}},{"ancestorTitles":["generateFromSchema"],"fullName":"generateFromSchema generates deterministic output across multiple calls","status":"passed","title":"generates deterministic output across multiple calls","duration":3.111948000000041,"failureMessages":[],"meta":{}},{"ancestorTitles":["generateFromSchema"],"fullName":"generateFromSchema produces deterministic output regardless of input order","status":"passed","title":"produces deterministic output regardless of input order","duration":1.5446039999999925,"failureMessages":[],"meta":{}},{"ancestorTitles":["generateFromSchema"],"fullName":"generateFromSchema excludes generics when includeGenerics is false","status":"passed","title":"excludes generics when includeGenerics is false","duration":4.188028999999972,"failureMessages":[],"meta":{}},{"ancestorTitles":["generateFromSchema"],"fullName":"generateFromSchema uses custom header when provided","status":"passed","title":"uses custom header when provided","duration":0.9770629999999869,"failureMessages":[],"meta":{}},{"ancestorTitles":["generated interface content"],"fullName":"generated interface content generates the main interface with id and display_label","status":"passed","title":"generates the main interface with id and display_label","duration":0.47500300000001516,"failureMessages":[],"meta":{}},{"ancestorTitles":["generated interface content"],"fullName":"generated interface content generates typed attribute fields","status":"passed","title":"generates typed attribute fields","duration":0.5811889999999948,"failureMessages":[],"meta":{}},{"ancestorTitles":["generated interface content"],"fullName":"generated interface content marks optional attributes with ?","status":"passed","title":"marks optional attributes with ?","duration":0.9324700000000234,"failureMessages":[],"meta":{}},{"ancestorTitles":["generated interface content"],"fullName":"generated interface content generates relationship fields","status":"passed","title":"generates relationship fields","duration":0.268224000000032,"failureMessages":[],"meta":{}},{"ancestorTitles":["generated interface content"],"fullName":"generated interface content generates create interface without read-only fields","status":"passed","title":"generates create interface without read-only fields","duration":0.39322500000002947,"failureMessages":[],"meta":{}},{"ancestorTitles":["generated interface content"],"fullName":"generated interface content generates data reference type","status":"passed","title":"generates data reference type","duration":0.23714999999998554,"failureMessages":[],"meta":{}},{"ancestorTitles":["generated interface content"],"fullName":"generated interface content generates kind constant","status":"passed","title":"generates kind constant","duration":0.15481599999998252,"failureMessages":[],"meta":{}},{"ancestorTitles":["generated interface content"],"fullName":"generated interface content generates peer imports for relationships","status":"passed","title":"generates peer imports for relationships","duration":2.3499049999999784,"failureMessages":[],"meta":{}},{"ancestorTitles":["generated interface content"],"fullName":"generated interface content does not import self for self-referencing relationships","status":"passed","title":"does not import self for self-referencing relationships","duration":0.4449100000000499,"failureMessages":[],"meta":{}},{"ancestorTitles":["generated interface content"],"fullName":"generated interface content sorts attributes alphabetically in generated output","status":"passed","title":"sorts attributes alphabetically in generated output","duration":0.49433699999997316,"failureMessages":[],"meta":{}},{"ancestorTitles":["generated index file"],"fullName":"generated index file re-exports all schema types","status":"passed","title":"re-exports all schema types","duration":0.27346500000004426,"failureMessages":[],"meta":{}},{"ancestorTitles":["generated index file"],"fullName":"generated index file exports typed-client utilities","status":"passed","title":"exports typed-client utilities","duration":0.25079799999997476,"failureMessages":[],"meta":{}},{"ancestorTitles":["generated typed-client file"],"fullName":"generated typed-client file generates the TypedInfrahubClient interface","status":"passed","title":"generates the TypedInfrahubClient interface","duration":0.28950200000002724,"failureMessages":[],"meta":{}},{"ancestorTitles":["generated typed-client file"],"fullName":"generated typed-client file includes CRUD methods for node schemas","status":"passed","title":"includes CRUD methods for node schemas","duration":0.27922399999999925,"failureMessages":[],"meta":{}},{"ancestorTitles":["generated typed-client file"],"fullName":"generated typed-client file generates the createTypedClient factory function","status":"passed","title":"generates the createTypedClient factory function","duration":0.1809090000000424,"failureMessages":[],"meta":{}},{"ancestorTitles":["generated typed-client file"],"fullName":"generated typed-client file generates kind map for all node schemas","status":"passed","title":"generates kind map for all node schemas","duration":0.2105760000000032,"failureMessages":[],"meta":{}},{"ancestorTitles":["edge cases"],"fullName":"edge cases handles empty schema export","status":"passed","title":"handles empty schema export","duration":0.2812240000000088,"failureMessages":[],"meta":{}},{"ancestorTitles":["edge cases"],"fullName":"edge cases handles schema with no attributes","status":"passed","title":"handles schema with no attributes","duration":0.5383370000000127,"failureMessages":[],"meta":{}},{"ancestorTitles":["edge cases"],"fullName":"edge cases handles relationship to unknown peer kind","status":"passed","title":"handles relationship to unknown peer kind","duration":0.3769659999999817,"failureMessages":[],"meta":{}},{"ancestorTitles":["edge cases"],"fullName":"edge cases handles dropdown attributes with enum values","status":"passed","title":"handles dropdown attributes with enum values","duration":0.47692999999998165,"failureMessages":[],"meta":{}}],"startTime":1772665407374,"endTime":1772665407399.477,"status":"passed","message":"","name":"/mnt/data/projects/infrahub-sdk-ts/tests/unit/codegen/generator.test.ts"},{"assertionResults":[{"ancestorTitles":["getTsType"],"fullName":"getTsType maps ID to string","status":"passed","title":"maps ID to string","duration":1.993440000000021,"failureMessages":[],"meta":{}},{"ancestorTitles":["getTsType"],"fullName":"getTsType maps Text to string","status":"passed","title":"maps Text to string","duration":0.23948400000000447,"failureMessages":[],"meta":{}},{"ancestorTitles":["getTsType"],"fullName":"getTsType maps TextArea to string","status":"passed","title":"maps TextArea to string","duration":0.1344090000000051,"failureMessages":[],"meta":{}},{"ancestorTitles":["getTsType"],"fullName":"getTsType maps DateTime to string","status":"passed","title":"maps DateTime to string","duration":0.11457500000000209,"failureMessages":[],"meta":{}},{"ancestorTitles":["getTsType"],"fullName":"getTsType maps Email to string","status":"passed","title":"maps Email to string","duration":0.10185300000000552,"failureMessages":[],"meta":{}},{"ancestorTitles":["getTsType"],"fullName":"getTsType maps Password to string","status":"passed","title":"maps Password to string","duration":0.09953699999999799,"failureMessages":[],"meta":{}},{"ancestorTitles":["getTsType"],"fullName":"getTsType maps HashedPassword to string","status":"passed","title":"maps HashedPassword to string","duration":0.1342779999999948,"failureMessages":[],"meta":{}},{"ancestorTitles":["getTsType"],"fullName":"getTsType maps URL to string","status":"passed","title":"maps URL to string","duration":0.11253800000002911,"failureMessages":[],"meta":{}},{"ancestorTitles":["getTsType"],"fullName":"getTsType maps File to string","status":"passed","title":"maps File to string","duration":0.1305189999999925,"failureMessages":[],"meta":{}},{"ancestorTitles":["getTsType"],"fullName":"getTsType maps MacAddress to string","status":"passed","title":"maps MacAddress to string","duration":0.09705600000000913,"failureMessages":[],"meta":{}},{"ancestorTitles":["getTsType"],"fullName":"getTsType maps Color to string","status":"passed","title":"maps Color to string","duration":0.10707500000000891,"failureMessages":[],"meta":{}},{"ancestorTitles":["getTsType"],"fullName":"getTsType maps IPHost to string","status":"passed","title":"maps IPHost to string","duration":0.09090800000001309,"failureMessages":[],"meta":{}},{"ancestorTitles":["getTsType"],"fullName":"getTsType maps IPNetwork to string","status":"passed","title":"maps IPNetwork to string","duration":0.10714899999999261,"failureMessages":[],"meta":{}},{"ancestorTitles":["getTsType"],"fullName":"getTsType maps Number to number","status":"passed","title":"maps Number to number","duration":0.15598199999999451,"failureMessages":[],"meta":{}},{"ancestorTitles":["getTsType"],"fullName":"getTsType maps Bandwidth to number","status":"passed","title":"maps Bandwidth to number","duration":0.10038900000000694,"failureMessages":[],"meta":{}},{"ancestorTitles":["getTsType"],"fullName":"getTsType maps Boolean to boolean","status":"passed","title":"maps Boolean to boolean","duration":0.1398900000000367,"failureMessages":[],"meta":{}},{"ancestorTitles":["getTsType"],"fullName":"getTsType maps Checkbox to boolean","status":"passed","title":"maps Checkbox to boolean","duration":0.09372299999995448,"failureMessages":[],"meta":{}},{"ancestorTitles":["getTsType"],"fullName":"getTsType maps Dropdown to string","status":"passed","title":"maps Dropdown to string","duration":0.1285750000000121,"failureMessages":[],"meta":{}},{"ancestorTitles":["getTsType"],"fullName":"getTsType maps List to unknown[]","status":"passed","title":"maps List to unknown[]","duration":0.12838999999996759,"failureMessages":[],"meta":{}},{"ancestorTitles":["getTsType"],"fullName":"getTsType maps JSON to unknown","status":"passed","title":"maps JSON to unknown","duration":0.139946000000009,"failureMessages":[],"meta":{}},{"ancestorTitles":["getTsType"],"fullName":"getTsType maps Any to unknown","status":"passed","title":"maps Any to unknown","duration":0.12992700000000923,"failureMessages":[],"meta":{}},{"ancestorTitles":["kindToTypeName"],"fullName":"kindToTypeName passes through simple PascalCase kinds","status":"passed","title":"passes through simple PascalCase kinds","duration":0.25594699999999193,"failureMessages":[],"meta":{}},{"ancestorTitles":["kindToTypeName"],"fullName":"kindToTypeName removes non-alphanumeric characters","status":"passed","title":"removes non-alphanumeric characters","duration":0.26505800000001045,"failureMessages":[],"meta":{}},{"ancestorTitles":["kindToFilename"],"fullName":"kindToFilename converts PascalCase to kebab-case","status":"passed","title":"converts PascalCase to kebab-case","duration":0.28803900000002614,"failureMessages":[],"meta":{}},{"ancestorTitles":["kindToFilename"],"fullName":"kindToFilename handles consecutive uppercase letters","status":"passed","title":"handles consecutive uppercase letters","duration":0.17340800000005174,"failureMessages":[],"meta":{}},{"ancestorTitles":["kindToFilename"],"fullName":"kindToFilename handles single word","status":"passed","title":"handles single word","duration":0.1528350000000387,"failureMessages":[],"meta":{}},{"ancestorTitles":["kindToFilename"],"fullName":"kindToFilename handles multiple segments","status":"passed","title":"handles multiple segments","duration":0.14733499999999822,"failureMessages":[],"meta":{}}],"startTime":1772665409401,"endTime":1772665409408.1733,"status":"passed","message":"","name":"/mnt/data/projects/infrahub-sdk-ts/tests/unit/codegen/type-map.test.ts"},{"assertionResults":[{"ancestorTitles":["GraphQLQuery"],"fullName":"GraphQLQuery should render a simple query","status":"passed","title":"should render a simple query","duration":2.6144449999999892,"failureMessages":[],"meta":{}},{"ancestorTitles":["GraphQLQuery"],"fullName":"GraphQLQuery should render a named query","status":"passed","title":"should render a named query","duration":0.3662620000000061,"failureMessages":[],"meta":{}},{"ancestorTitles":["GraphQLQuery"],"fullName":"GraphQLQuery should render query with variables","status":"passed","title":"should render query with variables","duration":1.1798969999999827,"failureMessages":[],"meta":{}},{"ancestorTitles":["GraphQLQuery"],"fullName":"GraphQLQuery should render nested objects","status":"passed","title":"should render nested objects","duration":0.8149510000000078,"failureMessages":[],"meta":{}},{"ancestorTitles":["GraphQLQuery"],"fullName":"GraphQLQuery should render inline fragments","status":"passed","title":"should render inline fragments","duration":0.3726130000000012,"failureMessages":[],"meta":{}},{"ancestorTitles":["GraphQLQuery"],"fullName":"GraphQLQuery should render filters with multiple parameters","status":"passed","title":"should render filters with multiple parameters","duration":0.3997620000000097,"failureMessages":[],"meta":{}},{"ancestorTitles":["GraphQLMutation"],"fullName":"GraphQLMutation should render a simple mutation","status":"passed","title":"should render a simple mutation","duration":1.3522319999999581,"failureMessages":[],"meta":{}},{"ancestorTitles":["GraphQLMutation"],"fullName":"GraphQLMutation should render a named mutation","status":"passed","title":"should render a named mutation","duration":0.4446509999999648,"failureMessages":[],"meta":{}},{"ancestorTitles":["GraphQLMutation"],"fullName":"GraphQLMutation should render mutation with variables","status":"passed","title":"should render mutation with variables","duration":0.4767439999999965,"failureMessages":[],"meta":{}},{"ancestorTitles":["GraphQLMutation"],"fullName":"GraphQLMutation should render delete mutation","status":"passed","title":"should render delete mutation","duration":0.4507070000000226,"failureMessages":[],"meta":{}},{"ancestorTitles":["GraphQLMutation"],"fullName":"GraphQLMutation should render branch create mutation","status":"passed","title":"should render branch create mutation","duration":0.547189000000003,"failureMessages":[],"meta":{}}],"startTime":1772665409842,"endTime":1772665409851.547,"status":"passed","message":"","name":"/mnt/data/projects/infrahub-sdk-ts/tests/unit/graphql/query.test.ts"},{"assertionResults":[{"ancestorTitles":["renderQueryBlock"],"fullName":"renderQueryBlock should render leaf fields","status":"passed","title":"should render leaf fields","duration":2.927632000000017,"failureMessages":[],"meta":{}},{"ancestorTitles":["renderQueryBlock"],"fullName":"renderQueryBlock should render nested objects","status":"passed","title":"should render nested objects","duration":1.4812329999999747,"failureMessages":[],"meta":{}},{"ancestorTitles":["renderQueryBlock"],"fullName":"renderQueryBlock should skip @filters and @alias keys","status":"passed","title":"should skip @filters and @alias keys","duration":0.2822610000000054,"failureMessages":[],"meta":{}},{"ancestorTitles":["renderQueryBlock"],"fullName":"renderQueryBlock should render fields with filters","status":"passed","title":"should render fields with filters","duration":0.6371160000000486,"failureMessages":[],"meta":{}},{"ancestorTitles":["renderQueryBlock"],"fullName":"renderQueryBlock should render inline fragments","status":"passed","title":"should render inline fragments","duration":0.5413369999999986,"failureMessages":[],"meta":{}},{"ancestorTitles":["renderQueryBlock"],"fullName":"renderQueryBlock should render deeply nested structures","status":"passed","title":"should render deeply nested structures","duration":0.8840059999999994,"failureMessages":[],"meta":{}},{"ancestorTitles":["renderQueryBlock"],"fullName":"renderQueryBlock should handle empty nested objects with only meta keys as leaves","status":"passed","title":"should handle empty nested objects with only meta keys as leaves","duration":0.3789660000000481,"failureMessages":[],"meta":{}},{"ancestorTitles":["renderInputBlock"],"fullName":"renderInputBlock should render simple key-value pairs","status":"passed","title":"should render simple key-value pairs","duration":0.9393210000000067,"failureMessages":[],"meta":{}},{"ancestorTitles":["renderInputBlock"],"fullName":"renderInputBlock should render boolean values","status":"passed","title":"should render boolean values","duration":1.2245829999999955,"failureMessages":[],"meta":{}},{"ancestorTitles":["renderInputBlock"],"fullName":"renderInputBlock should render nested objects","status":"passed","title":"should render nested objects","duration":0.5473920000000021,"failureMessages":[],"meta":{}},{"ancestorTitles":["renderInputBlock"],"fullName":"renderInputBlock should render arrays","status":"passed","title":"should render arrays","duration":0.4186700000000201,"failureMessages":[],"meta":{}},{"ancestorTitles":["renderInputBlock"],"fullName":"renderInputBlock should render null values","status":"passed","title":"should render null values","duration":0.38404000000002725,"failureMessages":[],"meta":{}},{"ancestorTitles":["renderVariablesToString"],"fullName":"renderVariablesToString should render string variables","status":"passed","title":"should render string variables","duration":0.577225999999996,"failureMessages":[],"meta":{}},{"ancestorTitles":["renderVariablesToString"],"fullName":"renderVariablesToString should render number variables","status":"passed","title":"should render number variables","duration":0.278632000000016,"failureMessages":[],"meta":{}},{"ancestorTitles":["renderVariablesToString"],"fullName":"renderVariablesToString should render boolean variables","status":"passed","title":"should render boolean variables","duration":0.2480939999999805,"failureMessages":[],"meta":{}},{"ancestorTitles":["renderVariablesToString"],"fullName":"renderVariablesToString should render multiple
[...]
olumn":35}},"206":{"start":{"line":207,"column":0},"end":{"line":207,"column":7}},"208":{"start":{"line":209,"column":0},"end":{"line":209,"column":34}},"209":{"start":{"line":210,"column":0},"end":{"line":210,"column":59}},"210":{"start":{"line":211,"column":0},"end":{"line":211,"column":49}},"211":{"start":{"line":212,"column":0},"end":{"line":212,"column":51}},"212":{"start":{"line":213,"column":0},"end":{"line":213,"column":12}},"213":{"start":{"line":214,"column":0},"end":{"line":214,"column":52}},"214":{"start":{"line":215,"column":0},"end":{"line":215,"column":5}},"215":{"start":{"line":216,"column":0},"end":{"line":216,"column":3}},"218":{"start":{"line":219,"column":0},"end":{"line":219,"column":26}},"219":{"start":{"line":220,"column":0},"end":{"line":220,"column":27}},"220":{"start":{"line":221,"column":0},"end":{"line":221,"column":16}},"221":{"start":{"line":222,"column":0},"end":{"line":222,"column":30}},"222":{"start":{"line":223,"column":0},"end":{"line":223,"column":36}},"223":{"start":{"line":224,"column":0},"end":{"line":224,"column":21}},"224":{"start":{"line":225,"column":0},"end":{"line":225,"column":28}},"225":{"start":{"line":226,"column":0},"end":{"line":226,"column":60}},"226":{"start":{"line":227,"column":0},"end":{"line":227,"column":53}},"227":{"start":{"line":228,"column":0},"end":{"line":228,"column":33}},"228":{"start":{"line":229,"column":0},"end":{"line":229,"column":20}},"230":{"start":{"line":231,"column":0},"end":{"line":231,"column":18}},"231":{"start":{"line":232,"column":0},"end":{"line":232,"column":11}},"232":{"start":{"line":233,"column":0},"end":{"line":233,"column":45}},"233":{"start":{"line":234,"column":0},"end":{"line":234,"column":17}},"234":{"start":{"line":235,"column":0},"end":{"line":235,"column":14}},"235":{"start":{"line":236,"column":0},"end":{"line":236,"column":18}},"236":{"start":{"line":237,"column":0},"end":{"line":237,"column":15}},"237":{"start":{"line":238,"column":0},"end":{"line":238,"column":36}},"238":{"start":{"line":239,"column":0},"end":{"line":239,"column":10}},"239":{"start":{"line":240,"column":0},"end":{"line":240,"column":54}},"240":{"start":{"line":241,"column":0},"end":{"line":241,"column":32}},"241":{"start":{"line":242,"column":0},"end":{"line":242,"column":85}},"242":{"start":{"line":243,"column":0},"end":{"line":243,"column":58}},"243":{"start":{"line":244,"column":0},"end":{"line":244,"column":38}},"244":{"start":{"line":245,"column":0},"end":{"line":245,"column":58}},"245":{"start":{"line":246,"column":0},"end":{"line":246,"column":26}},"246":{"start":{"line":247,"column":0},"end":{"line":247,"column":140}},"247":{"start":{"line":248,"column":0},"end":{"line":248,"column":14}},"248":{"start":{"line":249,"column":0},"end":{"line":249,"column":36}},"249":{"start":{"line":250,"column":0},"end":{"line":250,"column":22}},"250":{"start":{"line":251,"column":0},"end":{"line":251,"column":21}},"251":{"start":{"line":252,"column":0},"end":{"line":252,"column":11}},"252":{"start":{"line":253,"column":0},"end":{"line":253,"column":9}},"253":{"start":{"line":254,"column":0},"end":{"line":254,"column":20}},"254":{"start":{"line":255,"column":0},"end":{"line":255,"column":7}},"255":{"start":{"line":256,"column":0},"end":{"line":256,"column":5}},"256":{"start":{"line":257,"column":0},"end":{"line":257,"column":3}},"266":{"start":{"line":267,"column":0},"end":{"line":267,"column":46}},"267":{"start":{"line":268,"column":0},"end":{"line":268,"column":69}},"268":{"start":{"line":269,"column":0},"end":{"line":269,"column":54}},"270":{"start":{"line":271,"column":0},"end":{"line":271,"column":22}},"271":{"start":{"line":272,"column":0},"end":{"line":272,"column":53}},"272":{"start":{"line":273,"column":0},"end":{"line":273,"column":67}},"273":{"start":{"line":274,"column":0},"end":{"line":274,"column":12}},"274":{"start":{"line":275,"column":0},"end":{"line":275,"column":24}},"275":{"start":{"line":276,"column":0},"end":{"line":276,"column":5}},"277":{"start":{"line":278,"column":0},"end":{"line":278,"column":34}},"279":{"start":{"line":280,"column":0},"end":{"line":280,"column":60}},"280":{"start":{"line":281,"column":0},"end":{"line":281,"column":42}},"281":{"start":{"line":282,"column":0},"end":{"line":282,"column":5}},"283":{"start":{"line":284,"column":0},"end":{"line":284,"column":17}},"284":{"start":{"line":285,"column":0},"end":{"line":285,"column":3}},"286":{"start":{"line":287,"column":0},"end":{"line":287,"column":44}},"287":{"start":{"line":288,"column":0},"end":{"line":288,"column":61}},"288":{"start":{"line":289,"column":0},"end":{"line":289,"column":3}},"289":{"start":{"line":290,"column":0},"end":{"line":290,"column":1}}},"s":{"1":1,"7":1,"13":1,"14":1,"15":0,"17":0,"18":0,"19":0,"20":0,"22":0,"23":0,"24":0,"25":0,"26":0,"27":0,"28":0,"30":0,"31":0,"32":0,"33":0,"35":0,"37":0,"38":0,"39":0,"40":0,"41":0,"42":0,"43":0,"44":0,"45":0,"46":0,"48":0,"49":0,"50":0,"51":0,"52":0,"53":0,"54":0,"55":0,"56":0,"57":1,"69":1,"70":63,"71":63,"72":63,"73":63,"74":63,"75":63,"77":63,"78":63,"79":63,"80":63,"81":63,"82":63,"83":63,"84":63,"85":63,"87":63,"88":42,"89":42,"90":63,"93":63,"94":29,"95":29,"98":63,"99":33,"100":33,"101":32,"102":32,"103":33,"104":1,"105":1,"106":33,"107":33,"110":63,"111":37,"112":37,"113":37,"114":37,"115":37,"116":37,"117":37,"118":3,"119":3,"121":37,"124":37,"125":3,"126":3,"127":3,"128":3,"129":2,"130":1,"131":1,"132":1,"133":3,"135":35,"136":37,"139":63,"140":27,"141":27,"142":27,"143":27,"144":27,"145":27,"146":0,"147":0,"149":27,"152":27,"153":0,"154":0,"155":0,"156":0,"157":0,"158":0,"159":0,"160":0,"161":0,"163":27,"164":27,"170":63,"171":8,"172":2,"173":2,"174":2,"175":2,"176":2,"177":2,"178":2,"179":2,"180":2,"182":2,"183":1,"184":1,"186":1,"187":2,"188":2,"189":2,"191":8,"192":1,"193":1,"194":1,"195":1,"197":5,"198":5,"199":5,"200":5,"201":5,"202":5,"203":5,"204":5,"205":5,"206":5,"208":8,"209":4,"210":4,"211":4,"212":8,"213":1,"214":1,"215":8,"218":63,"219":65,"220":65,"221":65,"222":65,"223":65,"224":65,"225":65,"226":65,"227":65,"228":65,"230":65,"231":65,"232":65,"233":65,"234":65,"235":65,"236":65,"237":65,"238":65,"239":65,"240":65,"241":1,"242":0,"243":0,"244":0,"245":0,"246":0,"247":0,"248":0,"249":0,"250":0,"251":0,"252":0,"253":1,"254":1,"255":65,"256":65,"266":63,"267":39,"268":39,"270":39,"271":39,"272":6,"273":39,"274":33,"275":33,"277":39,"279":20,"280":20,"281":20,"283":39,"284":39,"286":63,"287":0,"288":0,"289":63},"branchMap":{"0":{"type":"branch","line":70,"loc":{"start":{"line":70,"column":31},"end":{"line":290,"column":1}},"locations":[{"start":{"line":70,"column":31},"end":{"line":290,"column":1}}]},"1":{"type":"branch","line":78,"loc":{"start":{"line":78,"column":2},"end":{"line":91,"column":3}},"locations":[{"start":{"line":78,"column":2},"end":{"line":91,"column":3}}]},"2":{"type":"branch","line":84,"loc":{"start":{"line":84,"column":22},"end":{"line":84,"column":58}},"locations":[{"start":{"line":84,"column":22},"end":{"line":84,"column":58}}]},"3":{"type":"branch","line":88,"loc":{"start":{"line":88,"column":25},"end":{"line":90,"column":5}},"locations":[{"start":{"line":88,"column":25},"end":{"line":90,"column":5}}]},"4":{"type":"branch","line":94,"loc":{"start":{"line":94,"column":2},"end":{"line":96,"column":3}},"locations":[{"start":{"line":94,"column":2},"end":{"line":96,"column":3}}]},"5":{"type":"branch","line":99,"loc":{"start":{"line":99,"column":2},"end":{"line":108,"column":3}},"locations":[{"start":{"line":99,"column":2},"end":{"line":108,"column":3}}]},"6":{"type":"branch","line":101,"loc":{"start":{"line":101,"column":20},"end":{"line":103,"column":5}},"locations":[{"start":{"line":101,"column":20},"end":{"line":103,"column":5}}]},"7":{"type":"branch","line":104,"loc":{"start":{"line":104,"column":12},"end":{"line":106,"column":5}},"locations":[{"start":{"line":104,"column":12},"end":{"line":106,"column":5}}]},"8":{"type":"branch","line":111,"loc":{"start":{"line":111,"column":2},"end":{"line":137,"column":3}},"locations":[{"start":{"line":111,"column":2},"end":{"line":137,"column":3}}]},"9":{"type":"branch","line":118,"loc":{"start":{"line":118,"column":26},"end":{"line":120,"column":5}},"locations":[{"start":{"line":118,"column":26},"end":{"line":120,"column":5}}]},"10":{"type":"branch","line":122,"loc":{"start":{"line":122,"column":78},"end":{"line":125,"column":33}},"locations":[{"start":{"line":122,"column":78},"end":{"line":125,"column":33}}]},"11":{"type":"branch","line":125,"loc":{"start":{"line":125,"column":33},"end":{"line":134,"column":5}},"locations":[{"start":{"line":125,"column":33},"end":{"line":134,"column":5}}]},"12":{"type":"branch","line":127,"loc":{"start":{"line":127,"column":28},"end":{"line":127,"column":76}},"locations":[{"start":{"line":127,"column":28},"end":{"line":127,"column":76}}]},"13":{"type":"branch","line":129,"loc":{"start":{"line":129,"column":47},"end":{"line":129,"column":71}},"locations":[{"start":{"line":129,"column":47},"end":{"line":129,"column":71}}]},"14":{"type":"branch","line":129,"loc":{"start":{"line":129,"column":71},"end":{"line":133,"column":7}},"locations":[{"start":{"line":129,"column":71},"end":{"line":133,"column":7}}]},"15":{"type":"branch","line":130,"loc":{"start":{"line":130,"column":29},"end":{"line":133,"column":7}},"locations":[{"start":{"line":130,"column":29},"end":{"line":133,"column":7}}]},"16":{"type":"branch","line":134,"loc":{"start":{"line":134,"column":4},"end":{"line":136,"column":20}},"locations":[{"start":{"line":134,"column":4},"end":{"line":136,"column":20}}]},"17":{"type":"branch","line":128,"loc":{"start":{"line":128,"column":34},"end":{"line":128,"column":60}},"locations":[{"start":{"line":128,"column":34},"end":{"line":128,"column":60}}]},"18":{"type":"branch","line":140,"loc":{"start":{"line":140,"column":2},"end":{"line":165,"column":3}},"locations":[{"start":{"line":140,"column":2},"end":{"line":165,"column":3}}]},"19":{"type":"branch","line":146,"loc":{"start":{"line":146,"column":26},"end":{"line":148,"column":5}},"locations":[{"start":{"line":146,"column":26},"end":{"line":148,"column":5}}]},"20":{"type":"branch","line":153,"loc":{"start":{"line":153,"column":33},"end":{"line":162,"column":5}},"locations":[{"start":{"line":153,"column":33},"end":{"line":162,"column":5}}]},"21":{"type":"branch","line":171,"loc":{"start":{"line":171,"column":2},"end":{"line":216,"column":3}},"locations":[{"start":{"line":171,"column":2},"end":{"line":216,"column":3}}]},"22":{"type":"branch","line":172,"loc":{"start":{"line":172,"column":8},"end":{"line":172,"column":38}},"locations":[{"start":{"line":172,"column":8},"end":{"line":172,"column":38}}]},"23":{"type":"branch","line":172,"loc":{"start":{"line":172,"column":38},"end":{"line":190,"column":5}},"locations":[{"start":{"line":172,"column":38},"end":{"line":190,"column":5}}]},"24":{"type":"branch","line":183,"loc":{"start":{"line":183,"column":35},"end":{"line":188,"column":46}},"locations":[{"start":{"line":183,"column":35},"end":{"line":188,"column":46}}]},"25":{"type":"branch","line":188,"loc":{"start":{"line":188,"column":30},"end":{"line":188,"column":49}},"locations":[{"start":{"line":188,"column":30},"end":{"line":188,"column":49}}]},"26":{"type":"branch","line":190,"loc":{"start":{"line":190,"column":4},"end":{"line":192,"column":33}},"locations":[{"start":{"line":190,"column":4},"end":{"line":192,"column":33}}]},"27":{"type":"branch","line":192,"loc":{"start":{"line":192,"column":21},"end":{"line":192,"column":56}},"locations":[{"start":{"line":192,"column":21},"end":{"line":192,"column":56}}]},"28":{"type":"branch","line":192,"loc":{"start":{"line":192,"column":56},"end":{"line":196,"column":5}},"locations":[{"start":{"line":192,"column":56},"end":{"line":196,"column":5}}]},"29":{"type":"branch","line":196,"loc":{"start":{"line":196,"column":4},"end":{"line":209,"column":33}},"locations":[{"start":{"line":196,"column":4},"end":{"line":209,"column":33}}]},"30":{"type":"branch","line":209,"loc":{"start":{"line":209,"column":33},"end":{"line":213,"column":11}},"locations":[{"start":{"line":209,"column":33},"end":{"line":213,"column":11}}]},"31":{"type":"branch","line":211,"loc":{"start":{"line":211,"column":30},"end":{"line":211,"column":49}},"locations":[{"start":{"line":211,"column":30},"end":{"line":211,"column":49}}]},"32":{"type":"branch","line":212,"loc":{"start":{"line":212,"column":31},"end":{"line":212,"column":51}},"locations":[{"start":{"line":212,"column":31},"end":{"line":212,"column":51}}]},"33":{"type":"branch","line":213,"loc":{"start":{"line":213,"column":4},"end":{"line":215,"column":5}},"locations":[{"start":{"line":213,"column":4},"end":{"line":215,"column":5}}]},"34":{"type":"branch","line":219,"loc":{"start":{"line":219,"column":2},"end":{"line":257,"column":3}},"locations":[{"start":{"line":219,"column":2},"end":{"line":257,"column":3}}]},"35":{"type":"branch","line":241,"loc":{"start":{"line":241,"column":6},"end":{"line":255,"column":7}},"locations":[{"start":{"line":241,"column":6},"end":{"line":255,"column":7}}]},"36":{"type":"branch","line":242,"loc":{"start":{"line":242,"column":84},"end":{"line":253,"column":9}},"locations":[{"start":{"line":242,"column":84},"end":{"line":253,"column":9}}]},"37":{"type":"branch","line":267,"loc":{"start":{"line":267,"column":2},"end":{"line":285,"column":3}},"locations":[{"start":{"line":267,"column":2},"end":{"line":285,"column":3}}]},"38":{"type":"branch","line":272,"loc":{"start":{"line":272,"column":52},"end":{"line":274,"column":11}},"locations":[{"start":{"line":272,"column":52},"end":{"line":274,"column":11}}]},"39":{"type":"branch","line":274,"loc":{"start":{"line":274,"column":4},"end":{"line":276,"column":5}},"locations":[{"start":{"line":274,"column":4},"end":{"line":276,"column":5}}]},"40":{"type":"branch","line":278,"loc":{"start":{"line":278,"column":33},"end":{"line":282,"column":5}},"locations":[{"start":{"line":278,"column":33},"end":{"line":282,"column":5}}]}},"b":{"0":[63],"1":[63],"2":[10],"3":[42],"4":[29],"5":[33],"6":[32],"7":[1],"8":[37],"9":[3],"10":[36],"11":[3],"12":[0],"13":[2],"14":[2],"15":[1],"16":[35],"17":[3],"18":[27],"19":[0],"20":[0],"21":[8],"22":[2],"23":[2],"24":[1],"25":[0],"26":[6],"27":[5],"28":[1],"29":[5],"30":[4],"31":[0],"32":[0],"33":[1],"34":[65],"35":[1],"36":[0],"37":[39],"38":[6],"39":[33],"40":[20]},"fnMap":{"0":{"name":"request","decl":{"start":{"line":15,"column":2},"end":{"line":57,"column":3}},"loc":{"start":{"line":15,"column":2},"end":{"line":57,"column":3}},"line":15},"1":{"name":"<instance_members_initializer>","decl":{"start":{"line":70,"column":31},"end":{"line":290,"column":1}},"loc":{"start":{"line":70,"column":31},"end":{"line":290,"column":1}},"line":70},"2":{"name":"InfrahubTransport","decl":{"start":{"line":78,"column":2},"end":{"line":91,"column":3}},"loc":{"start":{"line":78,"column":2},"end":{"line":91,"column":3}},"line":78},"3":{"name":"get address","decl":{"start":{"line":94,"column":2},"end":{"line":96,"column":3}},"loc":{"start":{"line":94,"column":2},"end":{"line":96,"column":3}},"line":94},"4":{"name":"buildGraphQLUrl","decl":{"start":{"line":99,"column":2},"end":{"line":108,"column":3}},"loc":{"start":{"line":99,"column":2},"end":{"line":108,"column":3}},"line":99},"5":{"name":"post","decl":{"start":{"line":111,"column":2},"end":{"line":137,"column":3}},"loc":{"start":{"line":111,"column":2},"end":{"line":137,"column":3}},"line":111},"6":{"name":"get","decl":{"start":{"line":140,"column":2},"end":{"line":165,"column":3}},"loc":{"start":{"line":140,"column":2},"end":{"line":165,"column":3}},"line":140},"7":{"name":"login","decl":{"start":{"line":171,"column":2},"end":{"line":216,"column":3}},"loc":{"start":{"line":171,"column":2},"end":{"line":216,"column":3}},"line":171},"8":{"name":"doRequest","decl":{"start":{"line":219,"column":2},"end":{"line":257,"column":3}},"loc":{"start":{"line":219,"column":2},"end":{"line":257,"column":3}},"line":219},"9":{"name":"computeRetryDelay","decl":{"start":{"line":267,"column":2},"end":{"line":285,"column":3}},"loc":{"start":{"line":267,"column":2},"end":{"line":285,"column":3}},"line":267},"10":{"name":"sleep","decl":{"start":{"line":287,"column":10},"end":{"line":289,"column":3}},"loc":{"start":{"line":287,"column":10},"end":{"line":289,"column":3}},"line":287}},"f":{"0":0,"1":63,"2":63,"3":29,"4":33,"5":37,"6":27,"7":8,"8":65,"9":39,"10":0}},"/mnt/data/projects/infrahub-sdk-ts/src/types.ts":{"path":"/mnt/data/projects/infrahub-sdk-ts/src/types.ts","all":false,"statementMap":{"37":{"start":{"line":38,"column":0},"end":{"line":38,"column":38}},"38":{"start":{"line":39,"column":0},"end":{"line":39,"column":75}},"39":{"start":{"line":40,"column":0},"end":{"line":40,"column":73}},"40":{"start":{"line":41,"column":0},"end":{"line":41,"column":73}},"41":{"start":{"line":42,"column":0},"end":{"line":42,"column":75}},"42":{"start":{"line":43,"column":0},"end":{"line":43,"column":2}}},"s":{"37":1,"38":1,"39":1,"40":1,"41":1,"42":1},"branchMap":{},"b":{},"fnMap":{"0":{"name":"debug","decl":{"start":{"line":39,"column":9},"end":{"line":39,"column":75}},"loc":{"start":{"line":39,"column":9},"end":{"line":39,"column":75}},"line":39},"1":{"name":"info","decl":{"start":{"line":40,"column":8},"end":{"line":40,"column":73}},"loc":{"start":{"line":40,"column":8},"end":{"line":40,"column":73}},"line":40},"2":{"name":"warn","decl":{"start":{"line":41,"column":8},"end":{"line":41,"column":73}},"loc":{"start":{"line":41,"column":8},"end":{"line":41,"column":73}},"line":41},"3":{"name":"error","decl":{"start":{"line":42,"column":9},"end":{"line":42,"column":75}},"loc":{"start":{"line":42,"column":9},"end":{"line":42,"column":75}},"line":42}},"f":{"0":0,"1":0,"2":0,"3":0}},"/mnt/data/projects/infrahub-sdk-ts/src/schema/index.ts":{"path":"/mnt/data/projects/infrahub-sdk-ts/src/schema/index.ts","all":true,"statementMap":{"0":{"start":{"line":1,"column":0},"end":{"line":1,"column":45}},"20":{"start":{"line":21,"column":0},"end":{"line":21,"column":8}}},"s":{"0":0,"20":0},"branchMap":{"0":{"type":"branch","line":1,"loc":{"start":{"line":1,"column":526},"end":{"line":26,"column":20}},"locations":[{"start":{"line":1,"column":526},"end":{"line":26,"column":20}}]}},"b":{"0":[0]},"fnMap":{"0":{"name":"(empty-report)","decl":{"start":{"line":1,"column":526},"end":{"line":26,"column":20}},"loc":{"start":{"line":1,"column":526},"end":{"line":26,"column":20}},"line":1}},"f":{"0":0}},"/mnt/data/projects/infrahub-sdk-ts/src/graphql/index.ts":{"path":"/mnt/data/projects/infrahub-sdk-ts/src/graphql/index.ts","all":true,"statementMap":{"0":{"start":{"line":1,"column":0},"end":{"line":1,"column":59}},"1":{"start":{"line":2,"column":0},"end":{"line":2,"column":92}}},"s":{"0":0,"1":0},"branchMap":{"0":{"type":"branch","line":1,"loc":{"start":{"line":1,"column":152},"end":{"line":2,"column":92}},"locations":[{"start":{"line":1,"column":152},"end":{"line":2,"column":92}}]}},"b":{"0":[0]},"fnMap":{"0":{"name":"(empty-report)","decl":{"start":{"line":1,"column":152},"end":{"line":2,"column":92}},"loc":{"start":{"line":1,"column":152},"end":{"line":2,"column":92}},"line":1}},"f":{"0":0}},"/mnt/data/projects/infrahub-sdk-ts/src/node/index.ts":{"path":"/mnt/data/projects/infrahub-sdk-ts/src/node/index.ts","all":true,"statementMap":{"0":{"start":{"line":1,"column":0},"end":{"line":1,"column":41}},"2":{"start":{"line":3,"column":0},"end":{"line":3,"column":43}},"3":{"start":{"line":4,"column":0},"end":{"line":4,"column":48}},"4":{"start":{"line":5,"column":0},"end":{"line":5,"column":64}}},"s":{"0":0,"2":0,"3":0,"4":0},"branchMap":{"0":{"type":"branch","line":1,"loc":{"start":{"line":1,"column":251},"end":{"line":5,"column":64}},"locations":[{"start":{"line":1,"column":251},"end":{"line":5,"column":64}}]}},"b":{"0":[0]},"fnMap":{"0":{"name":"(empty-report)","decl":{"start":{"line":1,"column":251},"end":{"line":5,"column":64}},"loc":{"start":{"line":1,"column":251},"end":{"line":5,"column":64}},"line":1}},"f":{"0":0}}}}